<?xml version="1.0" encoding="UTF-8"?>
<!-- Generated by org.testng.reporters.JUnitXMLReporter -->
<testsuite ignored="0" hostname="Rakeshs-MBP" failures="0" tests="8" name="CustomerTest" time="2.243" errors="0" timestamp="2023-08-08T13:28:34 IST">
  <testcase classname="com.pingSafe.test.Customers.CustomerE2E" name="createCustomer" time="1.827"/>
  <testcase classname="com.pingSafe.test.Customers.CustomerE2E" name="createCustomer" time="0.026"/>
  <testcase classname="com.pingSafe.test.Customers.CustomerE2E" name="createCustomer" time="0.031"/>
  <testcase classname="com.pingSafe.test.Customers.CustomerE2E" name="getCustomerDetails" time="0.081"/>
  <testcase classname="com.pingSafe.test.Customers.CustomerE2E" name="getCustomerDetails" time="0.017"/>
  <testcase classname="com.pingSafe.test.Customers.CustomerE2E" name="getCustomerDetails" time="0.024"/>
  <testcase classname="com.pingSafe.test.Customers.CustomerE2E" name="getCustomerDetails" time="0.019"/>
  <testcase classname="com.pingSafe.test.Customers.CustomerE2E" name="getCustomerDetails" time="0.021"/>
</testsuite> <!-- CustomerTest -->
