<?xml version="1.0" encoding="UTF-8"?>
<testsuite xmlns:xsi="http://www.w3.org/2001/XMLSchema-instance" xsi:noNamespaceSchemaLocation="https://maven.apache.org/surefire/maven-surefire-plugin/xsd/surefire-test-report-3.0.xsd" version="3.0" name="TestSuite" time="2.77" tests="8" errors="0" skipped="0" failures="0">
  <properties>
[...]
</properties>
  <testcase name="createCustomer[Customer(id=3453, name=Avery, phoneNumber=7996614318), post_success](1)" classname="com.pingSafe.test.Customers.CustomerE2E" time="1.828">
    <system-out><![CDATA[13:28:32.224 [main] DEBUG org.testng.TestNG - suiteXmlPath: "/Users/rakeshmajhi/Documents/Ping/PingSafe/testng.xml"
13:28:32.396 [main] INFO  org.testng.internal.Utils - [Utils] MethodGroupsHelper.collectMethodsByGroup() took 4 ms.
13:28:32.407 [main] INFO  org.testng.internal.Utils - [Utils] MethodGroupsHelper.sortMethods() took 9 ms.
13:28:32.407 [main] INFO  org.testng.internal.Utils - [Utils] MethodGroupsHelper.collectMethodsByGroup() took 0 ms.
13:28:32.407 [main] INFO  org.testng.internal.Utils - [Utils] MethodGroupsHelper.sortMethods() took 0 ms.
13:28:32.408 [main] INFO  org.testng.internal.Utils - [Utils] MethodGroupsHelper.collectMethodsByGroup() took 0 ms.
13:28:32.408 [main] INFO  org.testng.internal.Utils - [Utils] MethodGroupsHelper.sortMethods() took 0 ms.
13:28:32.408 [main] INFO  org.testng.internal.Utils - [Utils] MethodGroupsHelper.collectMethodsByGroup() took 0 ms.
13:28:32.408 [main] INFO  org.testng.internal.Utils - [Utils] MethodGroupsHelper.sortMethods() took 0 ms.
13:28:32.409 [main] INFO  org.testng.internal.Utils - [Utils] MethodGroupsHelper.collectMethodsByGroup() took 0 ms.
13:28:32.409 [main] INFO  org.testng.internal.Utils - [Utils] MethodGroupsHelper.sortMethods() took 0 ms.
13:28:32.409 [main] INFO  org.testng.internal.Utils - [Utils] MethodGroupsHelper.collectMethodsByGroup() took 0 ms.
13:28:32.409 [main] INFO  org.testng.internal.Utils - [Utils] MethodGroupsHelper.sortMethods() took 0 ms.
13:28:32.410 [main] INFO  org.testng.internal.Utils - [Utils] MethodGroupsHelper.collectMethodsByGroup() took 0 ms.
13:28:32.410 [main] INFO  org.testng.internal.Utils - [Utils] MethodGroupsHelper.sortMethods() took 0 ms.
13:28:32.410 [main] INFO  org.testng.internal.Utils - [Utils] MethodGroupsHelper.collectMethodsByGroup() took 0 ms.
13:28:32.410 [main] INFO  org.testng.internal.Utils - [Utils] MethodGroupsHelper.sortMethods() took 0 ms.
13:28:32.412 [main] INFO  org.testng.internal.Utils - [Utils] MethodGroupsHelper.collectMethodsByGroup() took 0 ms.
13:28:32.412 [main] INFO  org.testng.internal.Utils - [Utils] MethodGroupsHelper.sortMethods() took 0 ms.
13:28:32.412 [main] INFO  org.testng.internal.Utils - [Utils] MethodGroupsHelper.collectMethodsByGroup() took 0 ms.
13:28:32.412 [main] INFO  org.testng.internal.Utils - [Utils] MethodGroupsHelper.sortMethods() took 0 ms.
13:28:32.414 [main] INFO  org.testng.internal.Utils - [Utils] MethodGroupsHelper.collectMethodsByGroup() took 0 ms.
13:28:32.414 [main] INFO  org.testng.internal.Utils - [Utils] MethodGroupsHelper.sortMethods() took 0 ms.
13:28:32.414 [main] INFO  org.testng.internal.Utils - [Utils] MethodGroupsHelper.collectMethodsByGroup() took 0 ms.
13:28:32.414 [main] INFO  org.testng.internal.Utils - [Utils] MethodGroupsHelper.sortMethods() took 0 ms.
13:28:32.415 [main] INFO  org.testng.internal.Utils - [Utils] MethodGroupsHelper.collectMethodsByGroup() took 0 ms.
13:28:32.416 [main] INFO  org.testng.internal.Utils - [Utils] MethodGroupsHelper.sortMethods() took 0 ms.
13:28:32.417 [main] INFO  org.testng.internal.Utils - [Utils] MethodGroupsHelper.collectMethodsByGroup() took 0 ms.
13:28:32.417 [main] INFO  org.testng.internal.Utils - [Utils] MethodGroupsHelper.sortMethods() took 0 ms.
13:28:32.417 [main] INFO  org.testng.internal.Utils - [Utils] MethodGroupsHelper.collectMethodsByGroup() took 0 ms.
13:28:32.417 [main] INFO  org.testng.internal.Utils - [Utils] MethodGroupsHelper.sortMethods() took 0 ms.
13:28:32.441 [main] INFO  org.testng.internal.Utils - [Utils] DynamicGraphHelper.createDynamicGraph() took 2 ms.
Request method:	POST
Request URI:	http://localhost:8888/api
Proxy:			<none>
Request params:	<none>
Query params:	<none>
Form params:	<none>
Path params:	<none>
Headers:		Accept=application/json
				x-session-token=authorized-user
				user-agent=application/postscript
				Content-Type=application/json
Cookies:		<none>
Multiparts:		<none>
Body:
{
    "id": "3453",
    "name": "Avery",
    "phone_number": "7996614318"
}
HTTP/1.1 200 OK
Content-Type: application/json; charset=utf-8
Date: Tue, 08 Aug 2023 07:58:33 GMT
Content-Length: 30

{
    "message": "customer created"
}
]]></system-out>
  </testcase>
  <testcase name="createCustomer[Customer(id=3453, name=Avery, phoneNumber=7996614318), post_sameDataError](2)" classname="com.pingSafe.test.Customers.CustomerE2E" time="0.026">
    <system-out><![CDATA[Request method:	POST
Request URI:	http://localhost:8888/api
Proxy:			<none>
Request params:	<none>
Query params:	<none>
Form params:	<none>
Path params:	<none>
Headers:		Accept=application/json
				x-session-token=authorized-user
				user-agent=application/postscript
				Content-Type=application/json
Cookies:		<none>
Multiparts:		<none>
Body:
{
    "id": "3453",
    "name": "Avery",
    "phone_number": "7996614318"
}
HTTP/1.1 500 Internal Server Error
Content-Type: application/json; charset=utf-8
Date: Tue, 08 Aug 2023 07:58:34 GMT
Content-Length: 50

{
    "error": "UNIQUE constraint failed: customers.id"
}
]]></system-out>
  </testcase>
  <testcase name="createCustomer[Customer(id=6305, name=Martin, phoneNumber=03551858), post_mobileNumCountError](3)" classname="com.pingSafe.test.Customers.CustomerE2E" time="0.031">
    <system-out><![CDATA[Request method:	POST
Request URI:	http://localhost:8888/api
Proxy:			<none>
Request params:	<none>
Query params:	<none>
Form params:	<none>
Path params:	<none>
Headers:		Accept=application/json
				x-session-token=authorized-user
				user-agent=application/postscript
				Content-Type=application/json
Cookies:		<none>
Multiparts:		<none>
Body:
{
    "id": "6305",
    "name": "Martin",
    "phone_number": "03551858"
}
HTTP/1.1 500 Internal Server Error
Content-Type: application/json; charset=utf-8
Date: Tue, 08 Aug 2023 07:58:34 GMT
Content-Length: 62

{
    "error": "CHECK constraint failed: length(phone_number) = 10"
}
]]></system-out>
  </testcase>
  <testcase name="getCustomerDetails[2974, {x-session-token=authorized-user, Accept=application/json, user-agent=application/postscript, Content-Type=application/json}, get_success](1)" classname="com.pingSafe.test.Customers.CustomerE2E" time="0.082">
    <system-out><![CDATA[Request method:	GET
Request URI:	http://localhost:8888/api?id=2974
Proxy:			<none>
Request params:	<none>
Query params:	id=2974
Form params:	<none>
Path params:	<none>
Headers:		Accept=application/json
				x-session-token=authorized-user
				user-agent=application/postscript
				Content-Type=application/json
Cookies:		<none>
Multiparts:		<none>
Body:			<none>
HTTP/1.1 200 OK
Content-Type: application/json; charset=utf-8
Date: Tue, 08 Aug 2023 07:58:34 GMT
Content-Length: 73

{
    "id": "2974",
    "name": "Concha",
    "phone_number": "2283138184",
    "sms_sent": true
}
------200
]]></system-out>
  </testcase>
  <testcase name="getCustomerDetails[, {x-session-token=authorized-user, Accept=application/json, user-agent=application/postscript, Content-Type=application/json}, get_invalid](2)" classname="com.pingSafe.test.Customers.CustomerE2E" time="0.016">
    <system-out><![CDATA[Request method:	GET
Request URI:	http://localhost:8888/api?id=
Proxy:			<none>
Request params:	<none>
Query params:	id=
Form params:	<none>
Path params:	<none>
Headers:		Accept=application/json
				x-session-token=authorized-user
				user-agent=application/postscript
				Content-Type=application/json
Cookies:		<none>
Multiparts:		<none>
Body:			<none>
HTTP/1.1 400 Bad Request
Content-Type: application/json; charset=utf-8
Date: Tue, 08 Aug 2023 07:58:34 GMT
Content-Length: 70

{
    "error": "malformed request"
}{
    "error": "error while fetching customer"
}
------400
]]></system-out>
  </testcase>
  <testcase name="getCustomerDetails[8989, {}, get_forbidden](3)" classname="com.pingSafe.test.Customers.CustomerE2E" time="0.025">
    <system-out><![CDATA[Request method:	GET
Request URI:	http://localhost:8888/api?id=8989
Proxy:			<none>
Request params:	<none>
Query params:	id=8989
Form params:	<none>
Path params:	<none>
Headers:		Accept=*/*
Cookies:		<none>
Multiparts:		<none>
Body:			<none>
HTTP/1.1 403 Forbidden
Content-Type: application/json; charset=utf-8
Date: Tue, 08 Aug 2023 07:58:34 GMT
Content-Length: 44

{
    "error": "request cannot be authenticated!"
}
------403
]]></system-out>
  </testcase>
  <testcase name="getCustomerDetails[126, {x-session-token=authorized-user, user-agent=bot-application/postscript}, get_BOT](4)" classname="com.pingSafe.test.Customers.CustomerE2E" time="0.019">
    <system-out><![CDATA[Request method:	GET
Request URI:	http://localhost:8888/api?id=126
Proxy:			<none>
Request params:	<none>
Query params:	id=126
Form params:	<none>
Path params:	<none>
Headers:		x-session-token=authorized-user
				user-agent=bot-application/postscript
				Accept=*/*
Cookies:		<none>
Multiparts:		<none>
Body:			<none>
HTTP/1.1 400 Bad Request
Content-Type: application/json; charset=utf-8
Date: Tue, 08 Aug 2023 07:58:34 GMT
Content-Length: 29

{
    "error": "bad bot, go away!"
}
------400
]]></system-out>
  </testcase>
  <testcase name="getCustomerDetails[968, {x-session-token=Unauthorized-user, user-agent=bot-application/postscript}, get_forbidden](5)" classname="com.pingSafe.test.Customers.CustomerE2E" time="0.021">
    <system-out><![CDATA[Request method:	GET
Request URI:	http://localhost:8888/api?id=968
Proxy:			<none>
Request params:	<none>
Query params:	id=968
Form params:	<none>
Path params:	<none>
Headers:		x-session-token=Unauthorized-user
				user-agent=bot-application/postscript
				Accept=*/*
Cookies:		<none>
Multiparts:		<none>
Body:			<none>
HTTP/1.1 403 Forbidden
Content-Type: application/json; charset=utf-8
Date: Tue, 08 Aug 2023 07:58:34 GMT
Content-Length: 44

{
    "error": "request cannot be authenticated!"
}
------403
]]></system-out>
  </testcase>
</testsuite>