<?xml version="1.0" encoding="UTF-8"?>
<testng-results ignored="0" total="8" passed="8" failed="0" skipped="0">
  <reporter-output>
  </reporter-output>
  <suite started-at="2023-08-08T13:28:32 IST" name="Customer Test Suite" finished-at="2023-08-08T13:28:34 IST" duration-ms="2243">
    <groups>
    </groups>
    <test started-at="2023-08-08T13:28:32 IST" name="CustomerTest" finished-at="2023-08-08T13:28:34 IST" duration-ms="2243">
      <class name="com.pingSafe.test.Customers.CustomerE2E">
        <test-method is-config="true" signature="setUp()[pri:0, instance:com.pingSafe.test.Customers.CustomerE2E@6302bbb1]" started-at="2023-08-08T13:28:32 IST" name="setUp" finished-at="2023-08-08T13:28:32 IST" duration-ms="8" status="PASS">
          <reporter-output>
          </reporter-output>
        </test-method> <!-- setUp -->
        <test-method signature="createCustomer(com.pingSafe.POJO.Customer,com.pingSafe.Messages.CustomerResponse)[pri:0, instance:com.pingSafe.test.Customers.CustomerE2E@6302bbb1]" started-at="2023-08-08T13:28:32 IST" name="createCustomer" description="Create and test customer creation" data-provider="createCustomerData" finished-at="2023-08-08T13:28:34 IST" duration-ms="1827" status="PASS">
          <params>
            <param index="0">
              <value>
                <![CDATA[Customer(id=3453, name=Avery, phoneNumber=7996614318)]]>
              </value>
            </param>
            <param index="1">
              <value>
                <![CDATA[post_success]]>
              </value>
            </param>
          </params>
          <reporter-output>
          </reporter-output>
        </test-method> <!-- createCustomer -->
        <test-method signature="createCustomer(com.pingSafe.POJO.Customer,com.pingSafe.Messages.CustomerResponse)[pri:0, instance:com.pingSafe.test.Customers.CustomerE2E@6302bbb1]" started-at="2023-08-08T13:28:34 IST" name="createCustomer" description="Create and test customer creation" data-provider="createCustomerData" finished-at="2023-08-08T13:28:34 IST" duration-ms="26" status="PASS">
          <params>
            <param index="0">
              <value>
                <![CDATA[Customer(id=3453, name=Avery, phoneNumber=7996614318)]]>
              </value>
            </param>
            <param index="1">
              <value>
                <![CDATA[post_sameDataError]]>
              </value>
            </param>
          </params>
          <reporter-output>
          </reporter-output>
        </test-method> <!-- createCustomer -->
        <test-method signature="createCustomer(com.pingSafe.POJO.Customer,com.pingSafe.Messages.CustomerResponse)[pri:0, instance:com.pingSafe.test.Customers.CustomerE2E@6302bbb1]" started-at="2023-08-08T13:28:34 IST" name="createCustomer" description="Create and test customer creation" data-provider="createCustomerData" finished-at="2023-08-08T13:28:34 IST" duration-ms="31" status="PASS">
          <params>
            <param index="0">
              <value>
                <![CDATA[Customer(id=6305, name=Martin, phoneNumber=03551858)]]>
              </value>
            </param>
            <param index="1">
              <value>
                <![CDATA[post_mobileNumCountError]]>
              </value>
            </param>
          </params>
          <reporter-output>
          </reporter-output>
        </test-method> <!-- createCustomer -->
        <test-method signature="getCustomerDetails(java.lang.String,java.util.Map,com.pingSafe.Messages.CustomerResponse)[pri:0, instance:com.pingSafe.test.Customers.CustomerE2E@6302bbb1]" started-at="2023-08-08T13:28:34 IST" name="getCustomerDetails" data-provider="getCustomerData" finished-at="2023-08-08T13:28:34 IST" duration-ms="81" status="PASS">
          <params>
            <param index="0">
              <value>
                <![CDATA[2974]]>
              </value>
            </param>
            <param index="1">
              <value>
                <![CDATA[{x-session-token=authorized-user, Accept=application/json, user-agent=application/postscript, Content-Type=application/json}]]>
              </value>
            </param>
            <param index="2">
              <value>
                <![CDATA[get_success]]>
              </value>
            </param>
          </params>
          <reporter-output>
          </reporter-output>
        </test-method> <!-- getCustomerDetails -->
        <test-method signature="getCustomerDetails(java.lang.String,java.util.Map,com.pingSafe.Messages.CustomerResponse)[pri:0, instance:com.pingSafe.test.Customers.CustomerE2E@6302bbb1]" started-at="2023-08-08T13:28:34 IST" name="getCustomerDetails" data-provider="getCustomerData" finished-at="2023-08-08T13:28:34 IST" duration-ms="17" status="PASS">
          <params>
            <param index="0">
              <value>
                <![CDATA[]]>
              </value>
            </param>
            <param index="1">
              <value>
                <![CDATA[{x-session-token=authorized-user, Accept=application/json, user-agent=application/postscript, Content-Type=application/json}]]>
              </value>
            </param>
            <param index="2">
              <value>
                <![CDATA[get_invalid]]>
              </value>
            </param>
          </params>
          <reporter-output>
          </reporter-output>
        </test-method> <!-- getCustomerDetails -->
        <test-method signature="getCustomerDetails(java.lang.String,java.util.Map,com.pingSafe.Messages.CustomerResponse)[pri:0, instance:com.pingSafe.test.Customers.CustomerE2E@6302bbb1]" started-at="2023-08-08T13:28:34 IST" name="getCustomerDetails" data-provider="getCustomerData" finished-at="2023-08-08T13:28:34 IST" duration-ms="24" status="PASS">
          <params>
            <param index="0">
              <value>
                <![CDATA[8989]]>
              </value>
            </param>
            <param index="1">
              <value>
                <![CDATA[{}]]>
              </value>
            </param>
            <param index="2">
              <value>
                <![CDATA[get_forbidden]]>
              </value>
            </param>
          </params>
          <reporter-output>
          </reporter-output>
        </test-method> <!-- getCustomerDetails -->
        <test-method signature="getCustomerDetails(java.lang.String,java.util.Map,com.pingSafe.Messages.CustomerResponse)[pri:0, instance:com.pingSafe.test.Customers.CustomerE2E@6302bbb1]" started-at="2023-08-08T13:28:34 IST" name="getCustomerDetails" data-provider="getCustomerData" finished-at="2023-08-08T13:28:34 IST" duration-ms="19" status="PASS">
          <params>
            <param index="0">
              <value>
                <![CDATA[126]]>
              </value>
            </param>
            <param index="1">
              <value>
                <![CDATA[{x-session-token=authorized-user, user-agent=bot-application/postscript}]]>
              </value>
            </param>
            <param index="2">
              <value>
                <![CDATA[get_BOT]]>
              </value>
            </param>
          </params>
          <reporter-output>
          </reporter-output>
        </test-method> <!-- getCustomerDetails -->
        <test-method signature="getCustomerDetails(java.lang.String,java.util.Map,com.pingSafe.Messages.CustomerResponse)[pri:0, instance:com.pingSafe.test.Customers.CustomerE2E@6302bbb1]" started-at="2023-08-08T13:28:34 IST" name="getCustomerDetails" data-provider="getCustomerData" finished-at="2023-08-08T13:28:34 IST" duration-ms="21" status="PASS">
          <params>
            <param index="0">
              <value>
                <![CDATA[968]]>
              </value>
            </param>
            <param index="1">
              <value>
                <![CDATA[{x-session-token=Unauthorized-user, user-agent=bot-application/postscript}]]>
              </value>
            </param>
            <param index="2">
              <value>
                <![CDATA[get_forbidden]]>
              </value>
            </param>
          </params>
          <reporter-output>
          </reporter-output>
        </test-method> <!-- getCustomerDetails -->
      </class> <!-- com.pingSafe.test.Customers.CustomerE2E -->
    </test> <!-- CustomerTest -->
  </suite> <!-- Customer Test Suite -->
</testng-results>
